[debug] [2024-09-12T22:53:20.703Z] ----------------------------------------------------------------------
[debug] [2024-09-12T22:53:20.708Z] Command:       C:\Program Files\nodejs\node.exe C:\Users\lfern\AppData\Roaming\npm\node_modules\firebase-tools\lib\bin\firebase.js init
[debug] [2024-09-12T22:53:20.709Z] CLI Version:   13.16.0
[debug] [2024-09-12T22:53:20.709Z] Platform:      win32
[debug] [2024-09-12T22:53:20.709Z] Node Version:  v20.11.1
[debug] [2024-09-12T22:53:20.710Z] Time:          Thu Sep 12 2024 19:53:20 GMT-0300 (Horário Padrão de Brasília)
[debug] [2024-09-12T22:53:20.710Z] ----------------------------------------------------------------------
[debug] 
[debug] [2024-09-12T22:53:20.718Z] >>> [apiv2][query] GET https://firebase-public.firebaseio.com/cli.json [none]
[debug] [2024-09-12T22:53:20.904Z] > command requires scopes: ["email","openid","https://www.googleapis.com/auth/cloudplatformprojects.readonly","https://www.googleapis.com/auth/firebase","https://www.googleapis.com/auth/cloud-platform"]
[debug] [2024-09-12T22:53:20.905Z] > authorizing via signed-in user (lfern@minha.fag.edu.br)
[info] 
     ######## #### ########  ######## ########     ###     ######  ########
     ##        ##  ##     ## ##       ##     ##  ##   ##  ##       ##
     ######    ##  ########  ######   ########  #########  ######  ######
     ##        ##  ##    ##  ##       ##     ## ##     ##       ## ##
     ##       #### ##     ## ######## ########  ##     ##  ######  ########

You're about to initialize a Firebase project in this directory:

  D:\6º semestre\Programação Web - Jeferson\Orçamento Certo\reactjs-todo-list-typescript

Before we get started, keep in mind:

  * You are initializing within an existing Firebase project directory

[debug] [2024-09-12T22:53:21.317Z] <<< [apiv2][status] GET https://firebase-public.firebaseio.com/cli.json 200
[debug] [2024-09-12T22:53:21.317Z] <<< [apiv2][body] GET https://firebase-public.firebaseio.com/cli.json {"cloudBuildErrorAfter":1594252800000,"cloudBuildWarnAfter":1590019200000,"defaultNode10After":1594252800000,"minVersion":"3.0.5","node8DeploysDisabledAfter":1613390400000,"node8RuntimeDisabledAfter":1615809600000,"node8WarnAfter":1600128000000}
